<?xml version="1.0" encoding="UTF-8"?>
<testsuite xmlns:xsi="http://www.w3.org/2001/XMLSchema-instance" xsi:noNamespaceSchemaLocation="https://maven.apache.org/surefire/maven-surefire-plugin/xsd/surefire-test-report.xsd" version="3.0.2" name="com.backend.harsh.HarshApplicationTests" time="30.53" tests="1" errors="0" skipped="0" failures="0">
  <properties>
[...]
</properties>
  <testcase name="contextLoads" classname="com.backend.harsh.HarshApplicationTests" time="1.373">
    <system-out><![CDATA[19:06:39.511 [main] INFO org.springframework.test.context.support.AnnotationConfigContextLoaderUtils -- Could not detect default configuration classes for test class [com.backend.harsh.HarshApplicationTests]: HarshApplicationTests does not declare any static, non-private, non-final, nested classes annotated with @Configuration.
19:06:39.817 [main] INFO org.springframework.boot.test.context.SpringBootTestContextBootstrapper -- Found @SpringBootConfiguration com.backend.harsh.HarshApplication for test class com.backend.harsh.HarshApplicationTests

  .   ____          _            __ _ _
 /\\ / ___'_ __ _ _(_)_ __  __ _ \ \ \ \
( ( )\___ | '_ | '_| | '_ \/ _` | \ \ \ \
 \\/  ___)| |_)| | | | | || (_| |  ) ) ) )
  '  |____| .__|_| |_|_| |_\__, | / / / /
 =========|_|==============|___/=/_/_/_/

 :: Spring Boot ::                (v3.4.5)

2025-06-04T19:06:41.082+05:30  INFO 8708 --- [harsh] [           main] c.backend.harsh.HarshApplicationTests    : Starting HarshApplicationTests using Java 17.0.12 with PID 8708 (started by prati in C:\Users\prati\Downloads\harshAiven\harshclinic\harsh)
2025-06-04T19:06:41.087+05:30  INFO 8708 --- [harsh] [           main] c.backend.harsh.HarshApplicationTests    : No active profile set, falling back to 1 default profile: "default"
2025-06-04T19:06:43.172+05:30  INFO 8708 --- [harsh] [           main] .s.d.r.c.RepositoryConfigurationDelegate : Bootstrapping Spring Data JPA repositories in DEFAULT mode.
2025-06-04T19:06:43.407+05:30  INFO 8708 --- [harsh] [           main] .s.d.r.c.RepositoryConfigurationDelegate : Finished Spring Data repository scanning in 215 ms. Found 7 JPA repository interfaces.
2025-06-04T19:06:44.996+05:30  INFO 8708 --- [harsh] [           main] o.hibernate.jpa.internal.util.LogHelper  : HHH000204: Processing PersistenceUnitInfo [name: default]
2025-06-04T19:06:45.171+05:30  INFO 8708 --- [harsh] [           main] org.hibernate.Version                    : HHH000412: Hibernate ORM core version 6.6.13.Final
2025-06-04T19:06:45.254+05:30  INFO 8708 --- [harsh] [           main] o.h.c.internal.RegionFactoryInitiator    : HHH000026: Second-level cache disabled
2025-06-04T19:06:46.206+05:30  INFO 8708 --- [harsh] [           main] o.s.o.j.p.SpringPersistenceUnitInfo      : No LoadTimeWeaver setup: ignoring JPA class transformer
2025-06-04T19:06:46.346+05:30  INFO 8708 --- [harsh] [           main] com.zaxxer.hikari.HikariDataSource       : HikariPool-1 - Starting...
2025-06-04T19:06:48.116+05:30  INFO 8708 --- [harsh] [           main] com.zaxxer.hikari.pool.HikariPool        : HikariPool-1 - Added connection org.postgresql.jdbc.PgConnection@6181bc4a
2025-06-04T19:06:48.120+05:30  INFO 8708 --- [harsh] [           main] com.zaxxer.hikari.HikariDataSource       : HikariPool-1 - Start completed.
2025-06-04T19:06:48.662+05:30  INFO 8708 --- [harsh] [           main] org.hibernate.orm.connections.pooling    : HHH10001005: Database info:
	Database JDBC URL [Connecting through datasource 'HikariDataSource (HikariPool-1)']
	Database driver: undefined/unknown
	Database version: 16.9
	Autocommit mode: undefined/unknown
	Isolation level: undefined/unknown
	Minimum pool size: undefined/unknown
	Maximum pool size: undefined/unknown
2025-06-04T19:06:51.691+05:30  INFO 8708 --- [harsh] [           main] o.h.e.t.j.p.i.JtaPlatformInitiator       : HHH000489: No JTA platform available (set 'hibernate.transaction.jta.platform' to enable JTA platform integration)
2025-06-04T19:06:55.240+05:30  INFO 8708 --- [harsh] [           main] j.LocalContainerEntityManagerFactoryBean : Initialized JPA EntityManagerFactory for persistence unit 'default'
2025-06-04T19:07:01.237+05:30  WARN 8708 --- [harsh] [           main] JpaBaseConfiguration$JpaWebConfiguration : spring.jpa.open-in-view is enabled by default. Therefore, database queries may be performed during view rendering. Explicitly configure spring.jpa.open-in-view to disable this warning
2025-06-04T19:07:08.000+05:30  INFO 8708 --- [harsh] [           main] c.backend.harsh.HarshApplicationTests    : Started HarshApplicationTests in 27.771 seconds (process running for 30.253)
]]></system-out>
  </testcase>
</testsuite>